The system is: Linux - 4.14.146-rt67-cg-8.7.0f0-x64-60 - x86_64
Compiling the C compiler identification source file "CMakeCCompilerId.c" succeeded.
Compiler: /usr/bin/cc 
Build flags: 
Id flags:  

The output was:
0


Compilation of the C compiler identification source "CMakeCCompilerId.c" produced "a.out"

The C compiler identification is GNU, found in "/home/admin/LinuxRT/c/CAN/example/build/CMakeFiles/3.10.3/CompilerIdC/a.out"

Compiling the CXX compiler identification source file "CMakeCXXCompilerId.cpp" succeeded.
Compiler: /usr/bin/x86_64-nilrt-linux-g++ 
Build flags: 
Id flags:  

The output was:
0


Compilation of the CXX compiler identification source "CMakeCXXCompilerId.cpp" produced "a.out"

The CXX compiler identification is GNU, found in "/home/admin/LinuxRT/c/CAN/example/build/CMakeFiles/3.10.3/CompilerIdCXX/a.out"

Determining if the C compiler works passed with the following output:
Change Dir: /home/admin/LinuxRT/c/CAN/example/build/CMakeFiles/CMakeTmp

Run Build Command:"/usr/bin/make" "cmTC_ee410/fast"
/usr/bin/make -f CMakeFiles/cmTC_ee410.dir/build.make CMakeFiles/cmTC_ee410.dir/build
make[1]: Entering directory '/home/admin/LinuxRT/c/CAN/example/build/CMakeFiles/CMakeTmp'
Building C object CMakeFiles/cmTC_ee410.dir/testCCompiler.c.o
/usr/bin/cc    -o CMakeFiles/cmTC_ee410.dir/testCCompiler.c.o   -c /home/admin/LinuxRT/c/CAN/example/build/CMakeFiles/CMakeTmp/testCCompiler.c
Linking C executable cmTC_ee410
/usr/bin/cmake -E cmake_link_script CMakeFiles/cmTC_ee410.dir/link.txt --verbose=1
/usr/bin/cc      -rdynamic CMakeFiles/cmTC_ee410.dir/testCCompiler.c.o  -o cmTC_ee410 
make[1]: Leaving directory '/home/admin/LinuxRT/c/CAN/example/build/CMakeFiles/CMakeTmp'


Detecting C compiler ABI info compiled with the following output:
Change Dir: /home/admin/LinuxRT/c/CAN/example/build/CMakeFiles/CMakeTmp

Run Build Command:"/usr/bin/make" "cmTC_13e60/fast"
/usr/bin/make -f CMakeFiles/cmTC_13e60.dir/build.make CMakeFiles/cmTC_13e60.dir/build
make[1]: Entering directory '/home/admin/LinuxRT/c/CAN/example/build/CMakeFiles/CMakeTmp'
Building C object CMakeFiles/cmTC_13e60.dir/CMakeCCompilerABI.c.o
/usr/bin/cc    -o CMakeFiles/cmTC_13e60.dir/CMakeCCompilerABI.c.o   -c /usr/share/cmake-3.10/Modules/CMakeCCompilerABI.c
Linking C executable cmTC_13e60
/usr/bin/cmake -E cmake_link_script CMakeFiles/cmTC_13e60.dir/link.txt --verbose=1
/usr/bin/cc     -v -rdynamic CMakeFiles/cmTC_13e60.dir/CMakeCCompilerABI.c.o  -o cmTC_13e60 
Using built-in specs.
COLLECT_GCC=/usr/bin/cc
COLLECT_LTO_WRAPPER=/usr/libexec/gcc/x86_64-nilrt-linux/7.3.0/lto-wrapper
Target: x86_64-nilrt-linux
Configured with: ../../../../../../work-shared/gcc-7.3.0-r0/gcc-7.3.0/configure --build=x86_64-linux --host=x86_64-nilrt-linux --target=x86_64-nilrt-linux --prefix=/usr --exec_prefix=/usr --bindir=/usr/bin --sbindir=/usr/sbin --libexecdir=/usr/libexec --datadir=/usr/share --sysconfdir=/etc --sharedstatedir=/com --localstatedir=/var --libdir=/usr/lib --includedir=/usr/include --oldincludedir=/usr/include --infodir=/usr/share/info --mandir=/usr/share/man --disable-silent-rules --disable-dependency-tracking --with-libtool-sysroot=/srv/jenkins/perforce/ThirdPartyExports/NIOpenEmbedded/trunk/8.7/objects/build.x64/tmp-glibc/work/core2-64-nilrt-linux/gcc/7.3.0-r0/recipe-sysroot --with-gnu-ld --enable-shared --enable-languages=c,c++ --enable-threads=posix --enable-multilib --enable-c99 --enable-long-long --enable-symvers=gnu --enable-libstdcxx-pch --program-prefix=x86_64-nilrt-linux- --without-local-prefix --enable-lto --enable-libssp --enable-libitm --disable-bootstrap --disable-libmudflap --with-system-zlib --with-linker-hash-style=gnu --enable-linker-build-id --with-ppl=no --with-cloog=no --enable-checking=release --enable-cheaders=c_global --without-isl --with-sysroot=/ --with-build-sysroot=/srv/jenkins/perforce/ThirdPartyExports/NIOpenEmbedded/trunk/8.7/objects/build.x64/tmp-glibc/work/core2-64-nilrt-linux/gcc/7.3.0-r0/recipe-sysroot --with-gxx-include-dir=/usr/include/c++/7.3.0 --without-long-double-128 --enable-nls --enable-initfini-array --enable-__cxa_atexit
Thread model: posix
gcc version 7.3.0 (GCC) 
COMPILER_PATH=/usr/libexec/gcc/x86_64-nilrt-linux/7.3.0/:/usr/libexec/gcc/x86_64-nilrt-linux/7.3.0/:/usr/libexec/gcc/x86_64-nilrt-linux/:/usr/lib/gcc/x86_64-nilrt-linux/7.3.0/:/usr/lib/gcc/x86_64-nilrt-linux/:/usr/lib/gcc/x86_64-nilrt-linux/7.3.0/../../../../x86_64-nilrt-linux/bin/
LIBRARY_PATH=/usr/lib/gcc/x86_64-nilrt-linux/7.3.0/:/usr/lib/gcc/x86_64-nilrt-linux/7.3.0/../../../../lib/x86_64-nilrt-linux/7.3.0/:/usr/lib/gcc/x86_64-nilrt-linux/7.3.0/../../../x86_64-nilrt-linux/7.3.0/:/usr/lib/gcc/x86_64-nilrt-linux/7.3.0/../../../../lib/:/lib/../lib/:/usr/lib/../lib/x86_64-nilrt-linux/7.3.0/:/usr/lib/x86_64-nilrt-linux/7.3.0/:/usr/lib/../lib/:/usr/lib/gcc/x86_64-nilrt-linux/7.3.0/../../../:/lib/:/usr/lib/
COLLECT_GCC_OPTIONS='-v' '-rdynamic' '-o' 'cmTC_13e60' '-mtune=generic' '-march=x86-64'
 /usr/libexec/gcc/x86_64-nilrt-linux/7.3.0/collect2 -plugin /usr/libexec/gcc/x86_64-nilrt-linux/7.3.0/liblto_plugin.so -plugin-opt=/usr/libexec/gcc/x86_64-nilrt-linux/7.3.0/lto-wrapper -plugin-opt=-fresolution=/tmp/ccrF7Enu.res -plugin-opt=-pass-through=-lgcc -plugin-opt=-pass-through=-lgcc_s -plugin-opt=-pass-through=-lc -plugin-opt=-pass-through=-lgcc -plugin-opt=-pass-through=-lgcc_s --sysroot=/ --build-id --eh-frame-hdr --hash-style=gnu -m elf_x86_64 -export-dynamic -dynamic-linker /lib/ld-linux-x86-64.so.2 -o cmTC_13e60 /usr/lib/gcc/x86_64-nilrt-linux/7.3.0/../../../../lib/crt1.o /usr/lib/gcc/x86_64-nilrt-linux/7.3.0/../../../../lib/crti.o /usr/lib/gcc/x86_64-nilrt-linux/7.3.0/../../../../lib/x86_64-nilrt-linux/7.3.0/crtbegin.o -L/usr/lib/gcc/x86_64-nilrt-linux/7.3.0 -L/usr/lib/gcc/x86_64-nilrt-linux/7.3.0/../../../../lib/x86_64-nilrt-linux/7.3.0 -L/usr/lib/gcc/x86_64-nilrt-linux/7.3.0/../../../x86_64-nilrt-linux/7.3.0 -L/usr/lib/gcc/x86_64-nilrt-linux/7.3.0/../../../../lib -L/lib/../lib -L/usr/lib/../lib/x86_64-nilrt-linux/7.3.0 -L/usr/lib/x86_64-nilrt-linux/7.3.0 -L/usr/lib/../lib -L/usr/lib/gcc/x86_64-nilrt-linux/7.3.0/../../.. CMakeFiles/cmTC_13e60.dir/CMakeCCompilerABI.c.o -lgcc --as-needed -lgcc_s --no-as-needed -lc -lgcc --as-needed -lgcc_s --no-as-needed /usr/lib/gcc/x86_64-nilrt-linux/7.3.0/../../../../lib/x86_64-nilrt-linux/7.3.0/crtend.o /usr/lib/gcc/x86_64-nilrt-linux/7.3.0/../../../../lib/crtn.o
COLLECT_GCC_OPTIONS='-v' '-rdynamic' '-o' 'cmTC_13e60' '-mtune=generic' '-march=x86-64'
make[1]: Leaving directory '/home/admin/LinuxRT/c/CAN/example/build/CMakeFiles/CMakeTmp'


Parsed C implicit link information from above output:
  link line regex: [^( *|.*[/\])(ld|CMAKE_LINK_STARTFILE-NOTFOUND|([^/\]+-)?ld|collect2)[^/\]*( |$)]
  ignore line: [Change Dir: /home/admin/LinuxRT/c/CAN/example/build/CMakeFiles/CMakeTmp]
  ignore line: []
  ignore line: [Run Build Command:"/usr/bin/make" "cmTC_13e60/fast"]
  ignore line: [/usr/bin/make -f CMakeFiles/cmTC_13e60.dir/build.make CMakeFiles/cmTC_13e60.dir/build]
  ignore line: [make[1]: Entering directory '/home/admin/LinuxRT/c/CAN/example/build/CMakeFiles/CMakeTmp']
  ignore line: [Building C object CMakeFiles/cmTC_13e60.dir/CMakeCCompilerABI.c.o]
  ignore line: [/usr/bin/cc    -o CMakeFiles/cmTC_13e60.dir/CMakeCCompilerABI.c.o   -c /usr/share/cmake-3.10/Modules/CMakeCCompilerABI.c]
  ignore line: [Linking C executable cmTC_13e60]
  ignore line: [/usr/bin/cmake -E cmake_link_script CMakeFiles/cmTC_13e60.dir/link.txt --verbose=1]
  ignore line: [/usr/bin/cc     -v -rdynamic CMakeFiles/cmTC_13e60.dir/CMakeCCompilerABI.c.o  -o cmTC_13e60 ]
  ignore line: [Using built-in specs.]
  ignore line: [COLLECT_GCC=/usr/bin/cc]
  ignore line: [COLLECT_LTO_WRAPPER=/usr/libexec/gcc/x86_64-nilrt-linux/7.3.0/lto-wrapper]
  ignore line: [Target: x86_64-nilrt-linux]
  ignore line: [Configured with: ../../../../../../work-shared/gcc-7.3.0-r0/gcc-7.3.0/configure --build=x86_64-linux --host=x86_64-nilrt-linux --target=x86_64-nilrt-linux --prefix=/usr --exec_prefix=/usr --bindir=/usr/bin --sbindir=/usr/sbin --libexecdir=/usr/libexec --datadir=/usr/share --sysconfdir=/etc --sharedstatedir=/com --localstatedir=/var --libdir=/usr/lib --includedir=/usr/include --oldincludedir=/usr/include --infodir=/usr/share/info --mandir=/usr/share/man --disable-silent-rules --disable-dependency-tracking --with-libtool-sysroot=/srv/jenkins/perforce/ThirdPartyExports/NIOpenEmbedded/trunk/8.7/objects/build.x64/tmp-glibc/work/core2-64-nilrt-linux/gcc/7.3.0-r0/recipe-sysroot --with-gnu-ld --enable-shared --enable-languages=c,c++ --enable-threads=posix --enable-multilib --enable-c99 --enable-long-long --enable-symvers=gnu --enable-libstdcxx-pch --program-prefix=x86_64-nilrt-linux- --without-local-prefix --enable-lto --enable-libssp --enable-libitm --disable-bootstrap --disable-libmudflap --with-system-zlib --with-linker-hash-style=gnu --enable-linker-build-id --with-ppl=no --with-cloog=no --enable-checking=release --enable-cheaders=c_global --without-isl --with-sysroot=/ --with-build-sysroot=/srv/jenkins/perforce/ThirdPartyExports/NIOpenEmbedded/trunk/8.7/objects/build.x64/tmp-glibc/work/core2-64-nilrt-linux/gcc/7.3.0-r0/recipe-sysroot --with-gxx-include-dir=/usr/include/c++/7.3.0 --without-long-double-128 --enable-nls --enable-initfini-array --enable-__cxa_atexit]
  ignore line: [Thread model: posix]
  ignore line: [gcc version 7.3.0 (GCC) ]
  ignore line: [COMPILER_PATH=/usr/libexec/gcc/x86_64-nilrt-linux/7.3.0/:/usr/libexec/gcc/x86_64-nilrt-linux/7.3.0/:/usr/libexec/gcc/x86_64-nilrt-linux/:/usr/lib/gcc/x86_64-nilrt-linux/7.3.0/:/usr/lib/gcc/x86_64-nilrt-linux/:/usr/lib/gcc/x86_64-nilrt-linux/7.3.0/../../../../x86_64-nilrt-linux/bin/]
  ignore line: [LIBRARY_PATH=/usr/lib/gcc/x86_64-nilrt-linux/7.3.0/:/usr/lib/gcc/x86_64-nilrt-linux/7.3.0/../../../../lib/x86_64-nilrt-linux/7.3.0/:/usr/lib/gcc/x86_64-nilrt-linux/7.3.0/../../../x86_64-nilrt-linux/7.3.0/:/usr/lib/gcc/x86_64-nilrt-linux/7.3.0/../../../../lib/:/lib/../lib/:/usr/lib/../lib/x86_64-nilrt-linux/7.3.0/:/usr/lib/x86_64-nilrt-linux/7.3.0/:/usr/lib/../lib/:/usr/lib/gcc/x86_64-nilrt-linux/7.3.0/../../../:/lib/:/usr/lib/]
  ignore line: [COLLECT_GCC_OPTIONS='-v' '-rdynamic' '-o' 'cmTC_13e60' '-mtune=generic' '-march=x86-64']
  link line: [ /usr/libexec/gcc/x86_64-nilrt-linux/7.3.0/collect2 -plugin /usr/libexec/gcc/x86_64-nilrt-linux/7.3.0/liblto_plugin.so -plugin-opt=/usr/libexec/gcc/x86_64-nilrt-linux/7.3.0/lto-wrapper -plugin-opt=-fresolution=/tmp/ccrF7Enu.res -plugin-opt=-pass-through=-lgcc -plugin-opt=-pass-through=-lgcc_s -plugin-opt=-pass-through=-lc -plugin-opt=-pass-through=-lgcc -plugin-opt=-pass-through=-lgcc_s --sysroot=/ --build-id --eh-frame-hdr --hash-style=gnu -m elf_x86_64 -export-dynamic -dynamic-linker /lib/ld-linux-x86-64.so.2 -o cmTC_13e60 /usr/lib/gcc/x86_64-nilrt-linux/7.3.0/../../../../lib/crt1.o /usr/lib/gcc/x86_64-nilrt-linux/7.3.0/../../../../lib/crti.o /usr/lib/gcc/x86_64-nilrt-linux/7.3.0/../../../../lib/x86_64-nilrt-linux/7.3.0/crtbegin.o -L/usr/lib/gcc/x86_64-nilrt-linux/7.3.0 -L/usr/lib/gcc/x86_64-nilrt-linux/7.3.0/../../../../lib/x86_64-nilrt-linux/7.3.0 -L/usr/lib/gcc/x86_64-nilrt-linux/7.3.0/../../../x86_64-nilrt-linux/7.3.0 -L/usr/lib/gcc/x86_64-nilrt-linux/7.3.0/../../../../lib -L/lib/../lib -L/usr/lib/../lib/x86_64-nilrt-linux/7.3.0 -L/usr/lib/x86_64-nilrt-linux/7.3.0 -L/usr/lib/../lib -L/usr/lib/gcc/x86_64-nilrt-linux/7.3.0/../../.. CMakeFiles/cmTC_13e60.dir/CMakeCCompilerABI.c.o -lgcc --as-needed -lgcc_s --no-as-needed -lc -lgcc --as-needed -lgcc_s --no-as-needed /usr/lib/gcc/x86_64-nilrt-linux/7.3.0/../../../../lib/x86_64-nilrt-linux/7.3.0/crtend.o /usr/lib/gcc/x86_64-nilrt-linux/7.3.0/../../../../lib/crtn.o]
    arg [/usr/libexec/gcc/x86_64-nilrt-linux/7.3.0/collect2] ==> ignore
    arg [-plugin] ==> ignore
    arg [/usr/libexec/gcc/x86_64-nilrt-linux/7.3.0/liblto_plugin.so] ==> ignore
    arg [-plugin-opt=/usr/libexec/gcc/x86_64-nilrt-linux/7.3.0/lto-wrapper] ==> ignore
    arg [-plugin-opt=-fresolution=/tmp/ccrF7Enu.res] ==> ignore
    arg [-plugin-opt=-pass-through=-lgcc] ==> ignore
    arg [-plugin-opt=-pass-through=-lgcc_s] ==> ignore
    arg [-plugin-opt=-pass-through=-lc] ==> ignore
    arg [-plugin-opt=-pass-through=-lgcc] ==> ignore
    arg [-plugin-opt=-pass-through=-lgcc_s] ==> ignore
    arg [--sysroot=/] ==> ignore
    arg [--build-id] ==> ignore
    arg [--eh-frame-hdr] ==> ignore
    arg [--hash-style=gnu] ==> ignore
    arg [-m] ==> ignore
    arg [elf_x86_64] ==> ignore
    arg [-export-dynamic] ==> ignore
    arg [-dynamic-linker] ==> ignore
    arg [/lib/ld-linux-x86-64.so.2] ==> ignore
    arg [-o] ==> ignore
    arg [cmTC_13e60] ==> ignore
    arg [/usr/lib/gcc/x86_64-nilrt-linux/7.3.0/../../../../lib/crt1.o] ==> ignore
    arg [/usr/lib/gcc/x86_64-nilrt-linux/7.3.0/../../../../lib/crti.o] ==> ignore
    arg [/usr/lib/gcc/x86_64-nilrt-linux/7.3.0/../../../../lib/x86_64-nilrt-linux/7.3.0/crtbegin.o] ==> ignore
    arg [-L/usr/lib/gcc/x86_64-nilrt-linux/7.3.0] ==> dir [/usr/lib/gcc/x86_64-nilrt-linux/7.3.0]
    arg [-L/usr/lib/gcc/x86_64-nilrt-linux/7.3.0/../../../../lib/x86_64-nilrt-linux/7.3.0] ==> dir [/usr/lib/gcc/x86_64-nilrt-linux/7.3.0/../../../../lib/x86_64-nilrt-linux/7.3.0]
    arg [-L/usr/lib/gcc/x86_64-nilrt-linux/7.3.0/../../../x86_64-nilrt-linux/7.3.0] ==> dir [/usr/lib/gcc/x86_64-nilrt-linux/7.3.0/../../../x86_64-nilrt-linux/7.3.0]
    arg [-L/usr/lib/gcc/x86_64-nilrt-linux/7.3.0/../../../../lib] ==> dir [/usr/lib/gcc/x86_64-nilrt-linux/7.3.0/../../../../lib]
    arg [-L/lib/../lib] ==> dir [/lib/../lib]
    arg [-L/usr/lib/../lib/x86_64-nilrt-linux/7.3.0] ==> dir [/usr/lib/../lib/x86_64-nilrt-linux/7.3.0]
    arg [-L/usr/lib/x86_64-nilrt-linux/7.3.0] ==> dir [/usr/lib/x86_64-nilrt-linux/7.3.0]
    arg [-L/usr/lib/../lib] ==> dir [/usr/lib/../lib]
    arg [-L/usr/lib/gcc/x86_64-nilrt-linux/7.3.0/../../..] ==> dir [/usr/lib/gcc/x86_64-nilrt-linux/7.3.0/../../..]
    arg [CMakeFiles/cmTC_13e60.dir/CMakeCCompilerABI.c.o] ==> ignore
    arg [-lgcc] ==> lib [gcc]
    arg [--as-needed] ==> ignore
    arg [-lgcc_s] ==> lib [gcc_s]
    arg [--no-as-needed] ==> ignore
    arg [-lc] ==> lib [c]
    arg [-lgcc] ==> lib [gcc]
    arg [--as-needed] ==> ignore
    arg [-lgcc_s] ==> lib [gcc_s]
    arg [--no-as-needed] ==> ignore
    arg [/usr/lib/gcc/x86_64-nilrt-linux/7.3.0/../../../../lib/x86_64-nilrt-linux/7.3.0/crtend.o] ==> ignore
    arg [/usr/lib/gcc/x86_64-nilrt-linux/7.3.0/../../../../lib/crtn.o] ==> ignore
  collapse library dir [/usr/lib/gcc/x86_64-nilrt-linux/7.3.0] ==> [/usr/lib/gcc/x86_64-nilrt-linux/7.3.0]
  collapse library dir [/usr/lib/gcc/x86_64-nilrt-linux/7.3.0/../../../../lib/x86_64-nilrt-linux/7.3.0] ==> [/usr/lib/x86_64-nilrt-linux/7.3.0]
  collapse library dir [/usr/lib/gcc/x86_64-nilrt-linux/7.3.0/../../../x86_64-nilrt-linux/7.3.0] ==> [/usr/lib/x86_64-nilrt-linux/7.3.0]
  collapse library dir [/usr/lib/gcc/x86_64-nilrt-linux/7.3.0/../../../../lib] ==> [/usr/lib]
  collapse library dir [/lib/../lib] ==> [/lib]
  collapse library dir [/usr/lib/../lib/x86_64-nilrt-linux/7.3.0] ==> [/usr/lib/x86_64-nilrt-linux/7.3.0]
  collapse library dir [/usr/lib/x86_64-nilrt-linux/7.3.0] ==> [/usr/lib/x86_64-nilrt-linux/7.3.0]
  collapse library dir [/usr/lib/../lib] ==> [/usr/lib]
  collapse library dir [/usr/lib/gcc/x86_64-nilrt-linux/7.3.0/../../..] ==> [/usr/lib]
  implicit libs: [gcc;gcc_s;c;gcc;gcc_s]
  implicit dirs: [/usr/lib/gcc/x86_64-nilrt-linux/7.3.0;/usr/lib/x86_64-nilrt-linux/7.3.0;/usr/lib;/lib]
  implicit fwks: []




Detecting C [-std=c11] compiler features compiled with the following output:
Change Dir: /home/admin/LinuxRT/c/CAN/example/build/CMakeFiles/CMakeTmp

Run Build Command:"/usr/bin/make" "cmTC_29275/fast"
/usr/bin/make -f CMakeFiles/cmTC_29275.dir/build.make CMakeFiles/cmTC_29275.dir/build
make[1]: Entering directory '/home/admin/LinuxRT/c/CAN/example/build/CMakeFiles/CMakeTmp'
Building C object CMakeFiles/cmTC_29275.dir/feature_tests.c.o
/usr/bin/cc   -std=c11 -o CMakeFiles/cmTC_29275.dir/feature_tests.c.o   -c /home/admin/LinuxRT/c/CAN/example/build/CMakeFiles/feature_tests.c
Linking C executable cmTC_29275
/usr/bin/cmake -E cmake_link_script CMakeFiles/cmTC_29275.dir/link.txt --verbose=1
/usr/bin/cc      -rdynamic CMakeFiles/cmTC_29275.dir/feature_tests.c.o  -o cmTC_29275 
make[1]: Leaving directory '/home/admin/LinuxRT/c/CAN/example/build/CMakeFiles/CMakeTmp'


    Feature record: C_FEATURE:1c_function_prototypes
    Feature record: C_FEATURE:1c_restrict
    Feature record: C_FEATURE:1c_static_assert
    Feature record: C_FEATURE:1c_variadic_macros


Detecting C [-std=c99] compiler features compiled with the following output:
Change Dir: /home/admin/LinuxRT/c/CAN/example/build/CMakeFiles/CMakeTmp

Run Build Command:"/usr/bin/make" "cmTC_d4496/fast"
/usr/bin/make -f CMakeFiles/cmTC_d4496.dir/build.make CMakeFiles/cmTC_d4496.dir/build
make[1]: Entering directory '/home/admin/LinuxRT/c/CAN/example/build/CMakeFiles/CMakeTmp'
Building C object CMakeFiles/cmTC_d4496.dir/feature_tests.c.o
/usr/bin/cc   -std=c99 -o CMakeFiles/cmTC_d4496.dir/feature_tests.c.o   -c /home/admin/LinuxRT/c/CAN/example/build/CMakeFiles/feature_tests.c
Linking C executable cmTC_d4496
/usr/bin/cmake -E cmake_link_script CMakeFiles/cmTC_d4496.dir/link.txt --verbose=1
/usr/bin/cc      -rdynamic CMakeFiles/cmTC_d4496.dir/feature_tests.c.o  -o cmTC_d4496 
make[1]: Leaving directory '/home/admin/LinuxRT/c/CAN/example/build/CMakeFiles/CMakeTmp'


    Feature record: C_FEATURE:1c_function_prototypes
    Feature record: C_FEATURE:1c_restrict
    Feature record: C_FEATURE:0c_static_assert
    Feature record: C_FEATURE:1c_variadic_macros


Detecting C [-std=c90] compiler features compiled with the following output:
Change Dir: /home/admin/LinuxRT/c/CAN/example/build/CMakeFiles/CMakeTmp

Run Build Command:"/usr/bin/make" "cmTC_5bf60/fast"
/usr/bin/make -f CMakeFiles/cmTC_5bf60.dir/build.make CMakeFiles/cmTC_5bf60.dir/build
make[1]: Entering directory '/home/admin/LinuxRT/c/CAN/example/build/CMakeFiles/CMakeTmp'
Building C object CMakeFiles/cmTC_5bf60.dir/feature_tests.c.o
/usr/bin/cc   -std=c90 -o CMakeFiles/cmTC_5bf60.dir/feature_tests.c.o   -c /home/admin/LinuxRT/c/CAN/example/build/CMakeFiles/feature_tests.c
Linking C executable cmTC_5bf60
/usr/bin/cmake -E cmake_link_script CMakeFiles/cmTC_5bf60.dir/link.txt --verbose=1
/usr/bin/cc      -rdynamic CMakeFiles/cmTC_5bf60.dir/feature_tests.c.o  -o cmTC_5bf60 
make[1]: Leaving directory '/home/admin/LinuxRT/c/CAN/example/build/CMakeFiles/CMakeTmp'


    Feature record: C_FEATURE:1c_function_prototypes
    Feature record: C_FEATURE:0c_restrict
    Feature record: C_FEATURE:0c_static_assert
    Feature record: C_FEATURE:0c_variadic_macros
Determining if the CXX compiler works passed with the following output:
Change Dir: /home/admin/LinuxRT/c/CAN/example/build/CMakeFiles/CMakeTmp

Run Build Command:"/usr/bin/make" "cmTC_3f88f/fast"
/usr/bin/make -f CMakeFiles/cmTC_3f88f.dir/build.make CMakeFiles/cmTC_3f88f.dir/build
make[1]: Entering directory '/home/admin/LinuxRT/c/CAN/example/build/CMakeFiles/CMakeTmp'
Building CXX object CMakeFiles/cmTC_3f88f.dir/testCXXCompiler.cxx.o
/usr/bin/x86_64-nilrt-linux-g++     -o CMakeFiles/cmTC_3f88f.dir/testCXXCompiler.cxx.o -c /home/admin/LinuxRT/c/CAN/example/build/CMakeFiles/CMakeTmp/testCXXCompiler.cxx
Linking CXX executable cmTC_3f88f
/usr/bin/cmake -E cmake_link_script CMakeFiles/cmTC_3f88f.dir/link.txt --verbose=1
/usr/bin/x86_64-nilrt-linux-g++       -rdynamic CMakeFiles/cmTC_3f88f.dir/testCXXCompiler.cxx.o  -o cmTC_3f88f 
make[1]: Leaving directory '/home/admin/LinuxRT/c/CAN/example/build/CMakeFiles/CMakeTmp'


Detecting CXX compiler ABI info compiled with the following output:
Change Dir: /home/admin/LinuxRT/c/CAN/example/build/CMakeFiles/CMakeTmp

Run Build Command:"/usr/bin/make" "cmTC_db919/fast"
/usr/bin/make -f CMakeFiles/cmTC_db919.dir/build.make CMakeFiles/cmTC_db919.dir/build
make[1]: Entering directory '/home/admin/LinuxRT/c/CAN/example/build/CMakeFiles/CMakeTmp'
Building CXX object CMakeFiles/cmTC_db919.dir/CMakeCXXCompilerABI.cpp.o
/usr/bin/x86_64-nilrt-linux-g++     -o CMakeFiles/cmTC_db919.dir/CMakeCXXCompilerABI.cpp.o -c /usr/share/cmake-3.10/Modules/CMakeCXXCompilerABI.cpp
Linking CXX executable cmTC_db919
/usr/bin/cmake -E cmake_link_script CMakeFiles/cmTC_db919.dir/link.txt --verbose=1
/usr/bin/x86_64-nilrt-linux-g++      -v -rdynamic CMakeFiles/cmTC_db919.dir/CMakeCXXCompilerABI.cpp.o  -o cmTC_db919 
Using built-in specs.
COLLECT_GCC=/usr/bin/x86_64-nilrt-linux-g++
COLLECT_LTO_WRAPPER=/usr/libexec/gcc/x86_64-nilrt-linux/7.3.0/lto-wrapper
Target: x86_64-nilrt-linux
Configured with: ../../../../../../work-shared/gcc-7.3.0-r0/gcc-7.3.0/configure --build=x86_64-linux --host=x86_64-nilrt-linux --target=x86_64-nilrt-linux --prefix=/usr --exec_prefix=/usr --bindir=/usr/bin --sbindir=/usr/sbin --libexecdir=/usr/libexec --datadir=/usr/share --sysconfdir=/etc --sharedstatedir=/com --localstatedir=/var --libdir=/usr/lib --includedir=/usr/include --oldincludedir=/usr/include --infodir=/usr/share/info --mandir=/usr/share/man --disable-silent-rules --disable-dependency-tracking --with-libtool-sysroot=/srv/jenkins/perforce/ThirdPartyExports/NIOpenEmbedded/trunk/8.7/objects/build.x64/tmp-glibc/work/core2-64-nilrt-linux/gcc/7.3.0-r0/recipe-sysroot --with-gnu-ld --enable-shared --enable-languages=c,c++ --enable-threads=posix --enable-multilib --enable-c99 --enable-long-long --enable-symvers=gnu --enable-libstdcxx-pch --program-prefix=x86_64-nilrt-linux- --without-local-prefix --enable-lto --enable-libssp --enable-libitm --disable-bootstrap --disable-libmudflap --with-system-zlib --with-linker-hash-style=gnu --enable-linker-build-id --with-ppl=no --with-cloog=no --enable-checking=release --enable-cheaders=c_global --without-isl --with-sysroot=/ --with-build-sysroot=/srv/jenkins/perforce/ThirdPartyExports/NIOpenEmbedded/trunk/8.7/objects/build.x64/tmp-glibc/work/core2-64-nilrt-linux/gcc/7.3.0-r0/recipe-sysroot --with-gxx-include-dir=/usr/include/c++/7.3.0 --without-long-double-128 --enable-nls --enable-initfini-array --enable-__cxa_atexit
Thread model: posix
gcc version 7.3.0 (GCC) 
COMPILER_PATH=/usr/libexec/gcc/x86_64-nilrt-linux/7.3.0/:/usr/libexec/gcc/x86_64-nilrt-linux/7.3.0/:/usr/libexec/gcc/x86_64-nilrt-linux/:/usr/lib/gcc/x86_64-nilrt-linux/7.3.0/:/usr/lib/gcc/x86_64-nilrt-linux/:/usr/lib/gcc/x86_64-nilrt-linux/7.3.0/../../../../x86_64-nilrt-linux/bin/
LIBRARY_PATH=/usr/lib/gcc/x86_64-nilrt-linux/7.3.0/:/usr/lib/gcc/x86_64-nilrt-linux/7.3.0/../../../../lib/x86_64-nilrt-linux/7.3.0/:/usr/lib/gcc/x86_64-nilrt-linux/7.3.0/../../../x86_64-nilrt-linux/7.3.0/:/usr/lib/gcc/x86_64-nilrt-linux/7.3.0/../../../../lib/:/lib/../lib/:/usr/lib/../lib/x86_64-nilrt-linux/7.3.0/:/usr/lib/x86_64-nilrt-linux/7.3.0/:/usr/lib/../lib/:/usr/lib/gcc/x86_64-nilrt-linux/7.3.0/../../../:/lib/:/usr/lib/
COLLECT_GCC_OPTIONS='-v' '-rdynamic' '-o' 'cmTC_db919' '-shared-libgcc' '-mtune=generic' '-march=x86-64'
 /usr/libexec/gcc/x86_64-nilrt-linux/7.3.0/collect2 -plugin /usr/libexec/gcc/x86_64-nilrt-linux/7.3.0/liblto_plugin.so -plugin-opt=/usr/libexec/gcc/x86_64-nilrt-linux/7.3.0/lto-wrapper -plugin-opt=-fresolution=/tmp/ccDWExFQ.res -plugin-opt=-pass-through=-lgcc_s -plugin-opt=-pass-through=-lgcc -plugin-opt=-pass-through=-lc -plugin-opt=-pass-through=-lgcc_s -plugin-opt=-pass-through=-lgcc --sysroot=/ --build-id --eh-frame-hdr --hash-style=gnu -m elf_x86_64 -export-dynamic -dynamic-linker /lib/ld-linux-x86-64.so.2 -o cmTC_db919 /usr/lib/gcc/x86_64-nilrt-linux/7.3.0/../../../../lib/crt1.o /usr/lib/gcc/x86_64-nilrt-linux/7.3.0/../../../../lib/crti.o /usr/lib/gcc/x86_64-nilrt-linux/7.3.0/../../../../lib/x86_64-nilrt-linux/7.3.0/crtbegin.o -L/usr/lib/gcc/x86_64-nilrt-linux/7.3.0 -L/usr/lib/gcc/x86_64-nilrt-linux/7.3.0/../../../../lib/x86_64-nilrt-linux/7.3.0 -L/usr/lib/gcc/x86_64-nilrt-linux/7.3.0/../../../x86_64-nilrt-linux/7.3.0 -L/usr/lib/gcc/x86_64-nilrt-linux/7.3.0/../../../../lib -L/lib/../lib -L/usr/lib/../lib/x86_64-nilrt-linux/7.3.0 -L/usr/lib/x86_64-nilrt-linux/7.3.0 -L/usr/lib/../lib -L/usr/lib/gcc/x86_64-nilrt-linux/7.3.0/../../.. CMakeFiles/cmTC_db919.dir/CMakeCXXCompilerABI.cpp.o -lstdc++ -lm -lgcc_s -lgcc -lc -lgcc_s -lgcc /usr/lib/gcc/x86_64-nilrt-linux/7.3.0/../../../../lib/x86_64-nilrt-linux/7.3.0/crtend.o /usr/lib/gcc/x86_64-nilrt-linux/7.3.0/../../../../lib/crtn.o
COLLECT_GCC_OPTIONS='-v' '-rdynamic' '-o' 'cmTC_db919' '-shared-libgcc' '-mtune=generic' '-march=x86-64'
make[1]: Leaving directory '/home/admin/LinuxRT/c/CAN/example/build/CMakeFiles/CMakeTmp'


Parsed CXX implicit link information from above output:
  link line regex: [^( *|.*[/\])(ld|CMAKE_LINK_STARTFILE-NOTFOUND|([^/\]+-)?ld|collect2)[^/\]*( |$)]
  ignore line: [Change Dir: /home/admin/LinuxRT/c/CAN/example/build/CMakeFiles/CMakeTmp]
  ignore line: []
  ignore line: [Run Build Command:"/usr/bin/make" "cmTC_db919/fast"]
  ignore line: [/usr/bin/make -f CMakeFiles/cmTC_db919.dir/build.make CMakeFiles/cmTC_db919.dir/build]
  ignore line: [make[1]: Entering directory '/home/admin/LinuxRT/c/CAN/example/build/CMakeFiles/CMakeTmp']
  ignore line: [Building CXX object CMakeFiles/cmTC_db919.dir/CMakeCXXCompilerABI.cpp.o]
  ignore line: [/usr/bin/x86_64-nilrt-linux-g++     -o CMakeFiles/cmTC_db919.dir/CMakeCXXCompilerABI.cpp.o -c /usr/share/cmake-3.10/Modules/CMakeCXXCompilerABI.cpp]
  ignore line: [Linking CXX executable cmTC_db919]
  ignore line: [/usr/bin/cmake -E cmake_link_script CMakeFiles/cmTC_db919.dir/link.txt --verbose=1]
  ignore line: [/usr/bin/x86_64-nilrt-linux-g++      -v -rdynamic CMakeFiles/cmTC_db919.dir/CMakeCXXCompilerABI.cpp.o  -o cmTC_db919 ]
  ignore line: [Using built-in specs.]
  ignore line: [COLLECT_GCC=/usr/bin/x86_64-nilrt-linux-g++]
  ignore line: [COLLECT_LTO_WRAPPER=/usr/libexec/gcc/x86_64-nilrt-linux/7.3.0/lto-wrapper]
  ignore line: [Target: x86_64-nilrt-linux]
  ignore line: [Configured with: ../../../../../../work-shared/gcc-7.3.0-r0/gcc-7.3.0/configure --build=x86_64-linux --host=x86_64-nilrt-linux --target=x86_64-nilrt-linux --prefix=/usr --exec_prefix=/usr --bindir=/usr/bin --sbindir=/usr/sbin --libexecdir=/usr/libexec --datadir=/usr/share --sysconfdir=/etc --sharedstatedir=/com --localstatedir=/var --libdir=/usr/lib --includedir=/usr/include --oldincludedir=/usr/include --infodir=/usr/share/info --mandir=/usr/share/man --disable-silent-rules --disable-dependency-tracking --with-libtool-sysroot=/srv/jenkins/perforce/ThirdPartyExports/NIOpenEmbedded/trunk/8.7/objects/build.x64/tmp-glibc/work/core2-64-nilrt-linux/gcc/7.3.0-r0/recipe-sysroot --with-gnu-ld --enable-shared --enable-languages=c,c++ --enable-threads=posix --enable-multilib --enable-c99 --enable-long-long --enable-symvers=gnu --enable-libstdcxx-pch --program-prefix=x86_64-nilrt-linux- --without-local-prefix --enable-lto --enable-libssp --enable-libitm --disable-bootstrap --disable-libmudflap --with-system-zlib --with-linker-hash-style=gnu --enable-linker-build-id --with-ppl=no --with-cloog=no --enable-checking=release --enable-cheaders=c_global --without-isl --with-sysroot=/ --with-build-sysroot=/srv/jenkins/perforce/ThirdPartyExports/NIOpenEmbedded/trunk/8.7/objects/build.x64/tmp-glibc/work/core2-64-nilrt-linux/gcc/7.3.0-r0/recipe-sysroot --with-gxx-include-dir=/usr/include/c++/7.3.0 --without-long-double-128 --enable-nls --enable-initfini-array --enable-__cxa_atexit]
  ignore line: [Thread model: posix]
  ignore line: [gcc version 7.3.0 (GCC) ]
  ignore line: [COMPILER_PATH=/usr/libexec/gcc/x86_64-nilrt-linux/7.3.0/:/usr/libexec/gcc/x86_64-nilrt-linux/7.3.0/:/usr/libexec/gcc/x86_64-nilrt-linux/:/usr/lib/gcc/x86_64-nilrt-linux/7.3.0/:/usr/lib/gcc/x86_64-nilrt-linux/:/usr/lib/gcc/x86_64-nilrt-linux/7.3.0/../../../../x86_64-nilrt-linux/bin/]
  ignore line: [LIBRARY_PATH=/usr/lib/gcc/x86_64-nilrt-linux/7.3.0/:/usr/lib/gcc/x86_64-nilrt-linux/7.3.0/../../../../lib/x86_64-nilrt-linux/7.3.0/:/usr/lib/gcc/x86_64-nilrt-linux/7.3.0/../../../x86_64-nilrt-linux/7.3.0/:/usr/lib/gcc/x86_64-nilrt-linux/7.3.0/../../../../lib/:/lib/../lib/:/usr/lib/../lib/x86_64-nilrt-linux/7.3.0/:/usr/lib/x86_64-nilrt-linux/7.3.0/:/usr/lib/../lib/:/usr/lib/gcc/x86_64-nilrt-linux/7.3.0/../../../:/lib/:/usr/lib/]
  ignore line: [COLLECT_GCC_OPTIONS='-v' '-rdynamic' '-o' 'cmTC_db919' '-shared-libgcc' '-mtune=generic' '-march=x86-64']
  link line: [ /usr/libexec/gcc/x86_64-nilrt-linux/7.3.0/collect2 -plugin /usr/libexec/gcc/x86_64-nilrt-linux/7.3.0/liblto_plugin.so -plugin-opt=/usr/libexec/gcc/x86_64-nilrt-linux/7.3.0/lto-wrapper -plugin-opt=-fresolution=/tmp/ccDWExFQ.res -plugin-opt=-pass-through=-lgcc_s -plugin-opt=-pass-through=-lgcc -plugin-opt=-pass-through=-lc -plugin-opt=-pass-through=-lgcc_s -plugin-opt=-pass-through=-lgcc --sysroot=/ --build-id --eh-frame-hdr --hash-style=gnu -m elf_x86_64 -export-dynamic -dynamic-linker /lib/ld-linux-x86-64.so.2 -o cmTC_db919 /usr/lib/gcc/x86_64-nilrt-linux/7.3.0/../../../../lib/crt1.o /usr/lib/gcc/x86_64-nilrt-linux/7.3.0/../../../../lib/crti.o /usr/lib/gcc/x86_64-nilrt-linux/7.3.0/../../../../lib/x86_64-nilrt-linux/7.3.0/crtbegin.o -L/usr/lib/gcc/x86_64-nilrt-linux/7.3.0 -L/usr/lib/gcc/x86_64-nilrt-linux/7.3.0/../../../../lib/x86_64-nilrt-linux/7.3.0 -L/usr/lib/gcc/x86_64-nilrt-linux/7.3.0/../../../x86_64-nilrt-linux/7.3.0 -L/usr/lib/gcc/x86_64-nilrt-linux/7.3.0/../../../../lib -L/lib/../lib -L/usr/lib/../lib/x86_64-nilrt-linux/7.3.0 -L/usr/lib/x86_64-nilrt-linux/7.3.0 -L/usr/lib/../lib -L/usr/lib/gcc/x86_64-nilrt-linux/7.3.0/../../.. CMakeFiles/cmTC_db919.dir/CMakeCXXCompilerABI.cpp.o -lstdc++ -lm -lgcc_s -lgcc -lc -lgcc_s -lgcc /usr/lib/gcc/x86_64-nilrt-linux/7.3.0/../../../../lib/x86_64-nilrt-linux/7.3.0/crtend.o /usr/lib/gcc/x86_64-nilrt-linux/7.3.0/../../../../lib/crtn.o]
    arg [/usr/libexec/gcc/x86_64-nilrt-linux/7.3.0/collect2] ==> ignore
    arg [-plugin] ==> ignore
    arg [/usr/libexec/gcc/x86_64-nilrt-linux/7.3.0/liblto_plugin.so] ==> ignore
    arg [-plugin-opt=/usr/libexec/gcc/x86_64-nilrt-linux/7.3.0/lto-wrapper] ==> ignore
    arg [-plugin-opt=-fresolution=/tmp/ccDWExFQ.res] ==> ignore
    arg [-plugin-opt=-pass-through=-lgcc_s] ==> ignore
    arg [-plugin-opt=-pass-through=-lgcc] ==> ignore
    arg [-plugin-opt=-pass-through=-lc] ==> ignore
    arg [-plugin-opt=-pass-through=-lgcc_s] ==> ignore
    arg [-plugin-opt=-pass-through=-lgcc] ==> ignore
    arg [--sysroot=/] ==> ignore
    arg [--build-id] ==> ignore
    arg [--eh-frame-hdr] ==> ignore
    arg [--hash-style=gnu] ==> ignore
    arg [-m] ==> ignore
    arg [elf_x86_64] ==> ignore
    arg [-export-dynamic] ==> ignore
    arg [-dynamic-linker] ==> ignore
    arg [/lib/ld-linux-x86-64.so.2] ==> ignore
    arg [-o] ==> ignore
    arg [cmTC_db919] ==> ignore
    arg [/usr/lib/gcc/x86_64-nilrt-linux/7.3.0/../../../../lib/crt1.o] ==> ignore
    arg [/usr/lib/gcc/x86_64-nilrt-linux/7.3.0/../../../../lib/crti.o] ==> ignore
    arg [/usr/lib/gcc/x86_64-nilrt-linux/7.3.0/../../../../lib/x86_64-nilrt-linux/7.3.0/crtbegin.o] ==> ignore
    arg [-L/usr/lib/gcc/x86_64-nilrt-linux/7.3.0] ==> dir [/usr/lib/gcc/x86_64-nilrt-linux/7.3.0]
    arg [-L/usr/lib/gcc/x86_64-nilrt-linux/7.3.0/../../../../lib/x86_64-nilrt-linux/7.3.0] ==> dir [/usr/lib/gcc/x86_64-nilrt-linux/7.3.0/../../../../lib/x86_64-nilrt-linux/7.3.0]
    arg [-L/usr/lib/gcc/x86_64-nilrt-linux/7.3.0/../../../x86_64-nilrt-linux/7.3.0] ==> dir [/usr/lib/gcc/x86_64-nilrt-linux/7.3.0/../../../x86_64-nilrt-linux/7.3.0]
    arg [-L/usr/lib/gcc/x86_64-nilrt-linux/7.3.0/../../../../lib] ==> dir [/usr/lib/gcc/x86_64-nilrt-linux/7.3.0/../../../../lib]
    arg [-L/lib/../lib] ==> dir [/lib/../lib]
    arg [-L/usr/lib/../lib/x86_64-nilrt-linux/7.3.0] ==> dir [/usr/lib/../lib/x86_64-nilrt-linux/7.3.0]
    arg [-L/usr/lib/x86_64-nilrt-linux/7.3.0] ==> dir [/usr/lib/x86_64-nilrt-linux/7.3.0]
    arg [-L/usr/lib/../lib] ==> dir [/usr/lib/../lib]
    arg [-L/usr/lib/gcc/x86_64-nilrt-linux/7.3.0/../../..] ==> dir [/usr/lib/gcc/x86_64-nilrt-linux/7.3.0/../../..]
    arg [CMakeFiles/cmTC_db919.dir/CMakeCXXCompilerABI.cpp.o] ==> ignore
    arg [-lstdc++] ==> lib [stdc++]
    arg [-lm] ==> lib [m]
    arg [-lgcc_s] ==> lib [gcc_s]
    arg [-lgcc] ==> lib [gcc]
    arg [-lc] ==> lib [c]
    arg [-lgcc_s] ==> lib [gcc_s]
    arg [-lgcc] ==> lib [gcc]
    arg [/usr/lib/gcc/x86_64-nilrt-linux/7.3.0/../../../../lib/x86_64-nilrt-linux/7.3.0/crtend.o] ==> ignore
    arg [/usr/lib/gcc/x86_64-nilrt-linux/7.3.0/../../../../lib/crtn.o] ==> ignore
  collapse library dir [/usr/lib/gcc/x86_64-nilrt-linux/7.3.0] ==> [/usr/lib/gcc/x86_64-nilrt-linux/7.3.0]
  collapse library dir [/usr/lib/gcc/x86_64-nilrt-linux/7.3.0/../../../../lib/x86_64-nilrt-linux/7.3.0] ==> [/usr/lib/x86_64-nilrt-linux/7.3.0]
  collapse library dir [/usr/lib/gcc/x86_64-nilrt-linux/7.3.0/../../../x86_64-nilrt-linux/7.3.0] ==> [/usr/lib/x86_64-nilrt-linux/7.3.0]
  collapse library dir [/usr/lib/gcc/x86_64-nilrt-linux/7.3.0/../../../../lib] ==> [/usr/lib]
  collapse library dir [/lib/../lib] ==> [/lib]
  collapse library dir [/usr/lib/../lib/x86_64-nilrt-linux/7.3.0] ==> [/usr/lib/x86_64-nilrt-linux/7.3.0]
  collapse library dir [/usr/lib/x86_64-nilrt-linux/7.3.0] ==> [/usr/lib/x86_64-nilrt-linux/7.3.0]
  collapse library dir [/usr/lib/../lib] ==> [/usr/lib]
  collapse library dir [/usr/lib/gcc/x86_64-nilrt-linux/7.3.0/../../..] ==> [/usr/lib]
  implicit libs: [stdc++;m;gcc_s;gcc;c;gcc_s;gcc]
  implicit dirs: [/usr/lib/gcc/x86_64-nilrt-linux/7.3.0;/usr/lib/x86_64-nilrt-linux/7.3.0;/usr/lib;/lib]
  implicit fwks: []




Detecting CXX [-std=c++1z] compiler features compiled with the following output:
Change Dir: /home/admin/LinuxRT/c/CAN/example/build/CMakeFiles/CMakeTmp

Run Build Command:"/usr/bin/make" "cmTC_70534/fast"
/usr/bin/make -f CMakeFiles/cmTC_70534.dir/build.make CMakeFiles/cmTC_70534.dir/build
make[1]: Entering directory '/home/admin/LinuxRT/c/CAN/example/build/CMakeFiles/CMakeTmp'
Building CXX object CMakeFiles/cmTC_70534.dir/feature_tests.cxx.o
/usr/bin/x86_64-nilrt-linux-g++    -std=c++1z -o CMakeFiles/cmTC_70534.dir/feature_tests.cxx.o -c /home/admin/LinuxRT/c/CAN/example/build/CMakeFiles/feature_tests.cxx
Linking CXX executable cmTC_70534
/usr/bin/cmake -E cmake_link_script CMakeFiles/cmTC_70534.dir/link.txt --verbose=1
/usr/bin/x86_64-nilrt-linux-g++       -rdynamic CMakeFiles/cmTC_70534.dir/feature_tests.cxx.o  -o cmTC_70534 
make[1]: Leaving directory '/home/admin/LinuxRT/c/CAN/example/build/CMakeFiles/CMakeTmp'


    Feature record: CXX_FEATURE:1cxx_aggregate_default_initializers
    Feature record: CXX_FEATURE:1cxx_alias_templates
    Feature record: CXX_FEATURE:1cxx_alignas
    Feature record: CXX_FEATURE:1cxx_alignof
    Feature record: CXX_FEATURE:1cxx_attributes
    Feature record: CXX_FEATURE:1cxx_attribute_deprecated
    Feature record: CXX_FEATURE:1cxx_auto_type
    Feature record: CXX_FEATURE:1cxx_binary_literals
    Feature record: CXX_FEATURE:1cxx_constexpr
    Feature record: CXX_FEATURE:1cxx_contextual_conversions
    Feature record: CXX_FEATURE:1cxx_decltype
    Feature record: CXX_FEATURE:1cxx_decltype_auto
    Feature record: CXX_FEATURE:1cxx_decltype_incomplete_return_types
    Feature record: CXX_FEATURE:1cxx_default_function_template_args
    Feature record: CXX_FEATURE:1cxx_defaulted_functions
    Feature record: CXX_FEATURE:1cxx_defaulted_move_initializers
    Feature record: CXX_FEATURE:1cxx_delegating_constructors
    Feature record: CXX_FEATURE:1cxx_deleted_functions
    Feature record: CXX_FEATURE:1cxx_digit_separators
    Feature record: CXX_FEATURE:1cxx_enum_forward_declarations
    Feature record: CXX_FEATURE:1cxx_explicit_conversions
    Feature record: CXX_FEATURE:1cxx_extended_friend_declarations
    Feature record: CXX_FEATURE:1cxx_extern_templates
    Feature record: CXX_FEATURE:1cxx_final
    Feature record: CXX_FEATURE:1cxx_func_identifier
    Feature record: CXX_FEATURE:1cxx_generalized_initializers
    Feature record: CXX_FEATURE:1cxx_generic_lambdas
    Feature record: CXX_FEATURE:1cxx_inheriting_constructors
    Feature record: CXX_FEATURE:1cxx_inline_namespaces
    Feature record: CXX_FEATURE:1cxx_lambdas
    Feature record: CXX_FEATURE:1cxx_lambda_init_captures
    Feature record: CXX_FEATURE:1cxx_local_type_template_args
    Feature record: CXX_FEATURE:1cxx_long_long_type
    Feature record: CXX_FEATURE:1cxx_noexcept
    Feature record: CXX_FEATURE:1cxx_nonstatic_member_init
    Feature record: CXX_FEATURE:1cxx_nullptr
    Feature record: CXX_FEATURE:1cxx_override
    Feature record: CXX_FEATURE:1cxx_range_for
    Feature record: CXX_FEATURE:1cxx_raw_string_literals
    Feature record: CXX_FEATURE:1cxx_reference_qualified_functions
    Feature record: CXX_FEATURE:1cxx_relaxed_constexpr
    Feature record: CXX_FEATURE:1cxx_return_type_deduction
    Feature record: CXX_FEATURE:1cxx_right_angle_brackets
    Feature record: CXX_FEATURE:1cxx_rvalue_references
    Feature record: CXX_FEATURE:1cxx_sizeof_member
    Feature record: CXX_FEATURE:1cxx_static_assert
    Feature record: CXX_FEATURE:1cxx_strong_enums
    Feature record: CXX_FEATURE:1cxx_template_template_parameters
    Feature record: CXX_FEATURE:1cxx_thread_local
    Feature record: CXX_FEATURE:1cxx_trailing_return_types
    Feature record: CXX_FEATURE:1cxx_unicode_literals
    Feature record: CXX_FEATURE:1cxx_uniform_initialization
    Feature record: CXX_FEATURE:1cxx_unrestricted_unions
    Feature record: CXX_FEATURE:1cxx_user_literals
    Feature record: CXX_FEATURE:1cxx_variable_templates
    Feature record: CXX_FEATURE:1cxx_variadic_macros
    Feature record: CXX_FEATURE:1cxx_variadic_templates


Detecting CXX [-std=c++14] compiler features compiled with the following output:
Change Dir: /home/admin/LinuxRT/c/CAN/example/build/CMakeFiles/CMakeTmp

Run Build Command:"/usr/bin/make" "cmTC_45c94/fast"
/usr/bin/make -f CMakeFiles/cmTC_45c94.dir/build.make CMakeFiles/cmTC_45c94.dir/build
make[1]: Entering directory '/home/admin/LinuxRT/c/CAN/example/build/CMakeFiles/CMakeTmp'
Building CXX object CMakeFiles/cmTC_45c94.dir/feature_tests.cxx.o
/usr/bin/x86_64-nilrt-linux-g++    -std=c++14 -o CMakeFiles/cmTC_45c94.dir/feature_tests.cxx.o -c /home/admin/LinuxRT/c/CAN/example/build/CMakeFiles/feature_tests.cxx
Linking CXX executable cmTC_45c94
/usr/bin/cmake -E cmake_link_script CMakeFiles/cmTC_45c94.dir/link.txt --verbose=1
/usr/bin/x86_64-nilrt-linux-g++       -rdynamic CMakeFiles/cmTC_45c94.dir/feature_tests.cxx.o  -o cmTC_45c94 
make[1]: Leaving directory '/home/admin/LinuxRT/c/CAN/example/build/CMakeFiles/CMakeTmp'


    Feature record: CXX_FEATURE:1cxx_aggregate_default_initializers
    Feature record: CXX_FEATURE:1cxx_alias_templates
    Feature record: CXX_FEATURE:1cxx_alignas
    Feature record: CXX_FEATURE:1cxx_alignof
    Feature record: CXX_FEATURE:1cxx_attributes
    Feature record: CXX_FEATURE:1cxx_attribute_deprecated
    Feature record: CXX_FEATURE:1cxx_auto_type
    Feature record: CXX_FEATURE:1cxx_binary_literals
    Feature record: CXX_FEATURE:1cxx_constexpr
    Feature record: CXX_FEATURE:1cxx_contextual_conversions
    Feature record: CXX_FEATURE:1cxx_decltype
    Feature record: CXX_FEATURE:1cxx_decltype_auto
    Feature record: CXX_FEATURE:1cxx_decltype_incomplete_return_types
    Feature record: CXX_FEATURE:1cxx_default_function_template_args
    Feature record: CXX_FEATURE:1cxx_defaulted_functions
    Feature record: CXX_FEATURE:1cxx_defaulted_move_initializers
    Feature record: CXX_FEATURE:1cxx_delegating_constructors
    Feature record: CXX_FEATURE:1cxx_deleted_functions
    Feature record: CXX_FEATURE:1cxx_digit_separators
    Feature record: CXX_FEATURE:1cxx_enum_forward_declarations
    Feature record: CXX_FEATURE:1cxx_explicit_conversions
    Feature record: CXX_FEATURE:1cxx_extended_friend_declarations
    Feature record: CXX_FEATURE:1cxx_extern_templates
    Feature record: CXX_FEATURE:1cxx_final
    Feature record: CXX_FEATURE:1cxx_func_identifier
    Feature record: CXX_FEATURE:1cxx_generalized_initializers
    Feature record: CXX_FEATURE:1cxx_generic_lambdas
    Feature record: CXX_FEATURE:1cxx_inheriting_constructors
    Feature record: CXX_FEATURE:1cxx_inline_namespaces
    Feature record: CXX_FEATURE:1cxx_lambdas
    Feature record: CXX_FEATURE:1cxx_lambda_init_captures
    Feature record: CXX_FEATURE:1cxx_local_type_template_args
    Feature record: CXX_FEATURE:1cxx_long_long_type
    Feature record: CXX_FEATURE:1cxx_noexcept
    Feature record: CXX_FEATURE:1cxx_nonstatic_member_init
    Feature record: CXX_FEATURE:1cxx_nullptr
    Feature record: CXX_FEATURE:1cxx_override
    Feature record: CXX_FEATURE:1cxx_range_for
    Feature record: CXX_FEATURE:1cxx_raw_string_literals
    Feature record: CXX_FEATURE:1cxx_reference_qualified_functions
    Feature record: CXX_FEATURE:1cxx_relaxed_constexpr
    Feature record: CXX_FEATURE:1cxx_return_type_deduction
    Feature record: CXX_FEATURE:1cxx_right_angle_brackets
    Feature record: CXX_FEATURE:1cxx_rvalue_references
    Feature record: CXX_FEATURE:1cxx_sizeof_member
    Feature record: CXX_FEATURE:1cxx_static_assert
    Feature record: CXX_FEATURE:1cxx_strong_enums
    Feature record: CXX_FEATURE:1cxx_template_template_parameters
    Feature record: CXX_FEATURE:1cxx_thread_local
    Feature record: CXX_FEATURE:1cxx_trailing_return_types
    Feature record: CXX_FEATURE:1cxx_unicode_literals
    Feature record: CXX_FEATURE:1cxx_uniform_initialization
    Feature record: CXX_FEATURE:1cxx_unrestricted_unions
    Feature record: CXX_FEATURE:1cxx_user_literals
    Feature record: CXX_FEATURE:1cxx_variable_templates
    Feature record: CXX_FEATURE:1cxx_variadic_macros
    Feature record: CXX_FEATURE:1cxx_variadic_templates


Detecting CXX [-std=c++11] compiler features compiled with the following output:
Change Dir: /home/admin/LinuxRT/c/CAN/example/build/CMakeFiles/CMakeTmp

Run Build Command:"/usr/bin/make" "cmTC_c89b8/fast"
/usr/bin/make -f CMakeFiles/cmTC_c89b8.dir/build.make CMakeFiles/cmTC_c89b8.dir/build
make[1]: Entering directory '/home/admin/LinuxRT/c/CAN/example/build/CMakeFiles/CMakeTmp'
Building CXX object CMakeFiles/cmTC_c89b8.dir/feature_tests.cxx.o
/usr/bin/x86_64-nilrt-linux-g++    -std=c++11 -o CMakeFiles/cmTC_c89b8.dir/feature_tests.cxx.o -c /home/admin/LinuxRT/c/CAN/example/build/CMakeFiles/feature_tests.cxx
Linking CXX executable cmTC_c89b8
/usr/bin/cmake -E cmake_link_script CMakeFiles/cmTC_c89b8.dir/link.txt --verbose=1
/usr/bin/x86_64-nilrt-linux-g++       -rdynamic CMakeFiles/cmTC_c89b8.dir/feature_tests.cxx.o  -o cmTC_c89b8 
make[1]: Leaving directory '/home/admin/LinuxRT/c/CAN/example/build/CMakeFiles/CMakeTmp'


    Feature record: CXX_FEATURE:0cxx_aggregate_default_initializers
    Feature record: CXX_FEATURE:1cxx_alias_templates
    Feature record: CXX_FEATURE:1cxx_alignas
    Feature record: CXX_FEATURE:1cxx_alignof
    Feature record: CXX_FEATURE:1cxx_attributes
    Feature record: CXX_FEATURE:0cxx_attribute_deprecated
    Feature record: CXX_FEATURE:1cxx_auto_type
    Feature record: CXX_FEATURE:0cxx_binary_literals
    Feature record: CXX_FEATURE:1cxx_constexpr
    Feature record: CXX_FEATURE:0cxx_contextual_conversions
    Feature record: CXX_FEATURE:1cxx_decltype
    Feature record: CXX_FEATURE:0cxx_decltype_auto
    Feature record: CXX_FEATURE:1cxx_decltype_incomplete_return_types
    Feature record: CXX_FEATURE:1cxx_default_function_template_args
    Feature record: CXX_FEATURE:1cxx_defaulted_functions
    Feature record: CXX_FEATURE:1cxx_defaulted_move_initializers
    Feature record: CXX_FEATURE:1cxx_delegating_constructors
    Feature record: CXX_FEATURE:1cxx_deleted_functions
    Feature record: CXX_FEATURE:0cxx_digit_separators
    Feature record: CXX_FEATURE:1cxx_enum_forward_declarations
    Feature record: CXX_FEATURE:1cxx_explicit_conversions
    Feature record: CXX_FEATURE:1cxx_extended_friend_declarations
    Feature record: CXX_FEATURE:1cxx_extern_templates
    Feature record: CXX_FEATURE:1cxx_final
    Feature record: CXX_FEATURE:1cxx_func_identifier
    Feature record: CXX_FEATURE:1cxx_generalized_initializers
    Feature record: CXX_FEATURE:0cxx_generic_lambdas
    Feature record: CXX_FEATURE:1cxx_inheriting_constructors
    Feature record: CXX_FEATURE:1cxx_inline_namespaces
    Feature record: CXX_FEATURE:1cxx_lambdas
    Feature record: CXX_FEATURE:0cxx_lambda_init_captures
    Feature record: CXX_FEATURE:1cxx_local_type_template_args
    Feature record: CXX_FEATURE:1cxx_long_long_type
    Feature record: CXX_FEATURE:1cxx_noexcept
    Feature record: CXX_FEATURE:1cxx_nonstatic_member_init
    Feature record: CXX_FEATURE:1cxx_nullptr
    Feature record: CXX_FEATURE:1cxx_override
    Feature record: CXX_FEATURE:1cxx_range_for
    Feature record: CXX_FEATURE:1cxx_raw_string_literals
    Feature record: CXX_FEATURE:1cxx_reference_qualified_functions
    Feature record: CXX_FEATURE:0cxx_relaxed_constexpr
    Feature record: CXX_FEATURE:0cxx_return_type_deduction
    Feature record: CXX_FEATURE:1cxx_right_angle_brackets
    Feature record: CXX_FEATURE:1cxx_rvalue_references
    Feature record: CXX_FEATURE:1cxx_sizeof_member
    Feature record: CXX_FEATURE:1cxx_static_assert
    Feature record: CXX_FEATURE:1cxx_strong_enums
    Feature record: CXX_FEATURE:1cxx_template_template_parameters
    Feature record: CXX_FEATURE:1cxx_thread_local
    Feature record: CXX_FEATURE:1cxx_trailing_return_types
    Feature record: CXX_FEATURE:1cxx_unicode_literals
    Feature record: CXX_FEATURE:1cxx_uniform_initialization
    Feature record: CXX_FEATURE:1cxx_unrestricted_unions
    Feature record: CXX_FEATURE:1cxx_user_literals
    Feature record: CXX_FEATURE:0cxx_variable_templates
    Feature record: CXX_FEATURE:1cxx_variadic_macros
    Feature record: CXX_FEATURE:1cxx_variadic_templates


Detecting CXX [-std=c++98] compiler features compiled with the following output:
Change Dir: /home/admin/LinuxRT/c/CAN/example/build/CMakeFiles/CMakeTmp

Run Build Command:"/usr/bin/make" "cmTC_13dd8/fast"
/usr/bin/make -f CMakeFiles/cmTC_13dd8.dir/build.make CMakeFiles/cmTC_13dd8.dir/build
make[1]: Entering directory '/home/admin/LinuxRT/c/CAN/example/build/CMakeFiles/CMakeTmp'
Building CXX object CMakeFiles/cmTC_13dd8.dir/feature_tests.cxx.o
/usr/bin/x86_64-nilrt-linux-g++    -std=c++98 -o CMakeFiles/cmTC_13dd8.dir/feature_tests.cxx.o -c /home/admin/LinuxRT/c/CAN/example/build/CMakeFiles/feature_tests.cxx
Linking CXX executable cmTC_13dd8
/usr/bin/cmake -E cmake_link_script CMakeFiles/cmTC_13dd8.dir/link.txt --verbose=1
/usr/bin/x86_64-nilrt-linux-g++       -rdynamic CMakeFiles/cmTC_13dd8.dir/feature_tests.cxx.o  -o cmTC_13dd8 
make[1]: Leaving directory '/home/admin/LinuxRT/c/CAN/example/build/CMakeFiles/CMakeTmp'


    Feature record: CXX_FEATURE:0cxx_aggregate_default_initializers
    Feature record: CXX_FEATURE:0cxx_alias_templates
    Feature record: CXX_FEATURE:0cxx_alignas
    Feature record: CXX_FEATURE:0cxx_alignof
    Feature record: CXX_FEATURE:0cxx_attributes
    Feature record: CXX_FEATURE:0cxx_attribute_deprecated
    Feature record: CXX_FEATURE:0cxx_auto_type
    Feature record: CXX_FEATURE:0cxx_binary_literals
    Feature record: CXX_FEATURE:0cxx_constexpr
    Feature record: CXX_FEATURE:0cxx_contextual_conversions
    Feature record: CXX_FEATURE:0cxx_decltype
    Feature record: CXX_FEATURE:0cxx_decltype_auto
    Feature record: CXX_FEATURE:0cxx_decltype_incomplete_return_types
    Feature record: CXX_FEATURE:0cxx_default_function_template_args
    Feature record: CXX_FEATURE:0cxx_defaulted_functions
    Feature record: CXX_FEATURE:0cxx_defaulted_move_initializers
    Feature record: CXX_FEATURE:0cxx_delegating_constructors
    Feature record: CXX_FEATURE:0cxx_deleted_functions
    Feature record: CXX_FEATURE:0cxx_digit_separators
    Feature record: CXX_FEATURE:0cxx_enum_forward_declarations
    Feature record: CXX_FEATURE:0cxx_explicit_conversions
    Feature record: CXX_FEATURE:0cxx_extended_friend_declarations
    Feature record: CXX_FEATURE:0cxx_extern_templates
    Feature record: CXX_FEATURE:0cxx_final
    Feature record: CXX_FEATURE:0cxx_func_identifier
    Feature record: CXX_FEATURE:0cxx_generalized_initializers
    Feature record: CXX_FEATURE:0cxx_generic_lambdas
    Feature record: CXX_FEATURE:0cxx_inheriting_constructors
    Feature record: CXX_FEATURE:0cxx_inline_namespaces
    Feature record: CXX_FEATURE:0cxx_lambdas
    Feature record: CXX_FEATURE:0cxx_lambda_init_captures
    Feature record: CXX_FEATURE:0cxx_local_type_template_args
    Feature record: CXX_FEATURE:0cxx_long_long_type
    Feature record: CXX_FEATURE:0cxx_noexcept
    Feature record: CXX_FEATURE:0cxx_nonstatic_member_init
    Feature record: CXX_FEATURE:0cxx_nullptr
    Feature record: CXX_FEATURE:0cxx_override
    Feature record: CXX_FEATURE:0cxx_range_for
    Feature record: CXX_FEATURE:0cxx_raw_string_literals
    Feature record: CXX_FEATURE:0cxx_reference_qualified_functions
    Feature record: CXX_FEATURE:0cxx_relaxed_constexpr
    Feature record: CXX_FEATURE:0cxx_return_type_deduction
    Feature record: CXX_FEATURE:0cxx_right_angle_brackets
    Feature record: CXX_FEATURE:0cxx_rvalue_references
    Feature record: CXX_FEATURE:0cxx_sizeof_member
    Feature record: CXX_FEATURE:0cxx_static_assert
    Feature record: CXX_FEATURE:0cxx_strong_enums
    Feature record: CXX_FEATURE:1cxx_template_template_parameters
    Feature record: CXX_FEATURE:0cxx_thread_local
    Feature record: CXX_FEATURE:0cxx_trailing_return_types
    Feature record: CXX_FEATURE:0cxx_unicode_literals
    Feature record: CXX_FEATURE:0cxx_uniform_initialization
    Feature record: CXX_FEATURE:0cxx_unrestricted_unions
    Feature record: CXX_FEATURE:0cxx_user_literals
    Feature record: CXX_FEATURE:0cxx_variable_templates
    Feature record: CXX_FEATURE:0cxx_variadic_macros
    Feature record: CXX_FEATURE:0cxx_variadic_templates
